\BOOKMARK [0][-]{contents_bookmark.0}{Contents}{}% 1
\BOOKMARK [0][-]{section*.5}{List of Tables}{}% 2
\BOOKMARK [0][-]{section*.7}{List of Figures}{}% 3
\BOOKMARK [0][-]{chapter.1}{1 Introduction}{}% 4
\BOOKMARK [0][-]{chapter.2}{2 State of the Art}{}% 5
\BOOKMARK [1][-]{section.2.1}{2.1 PCA: Principal Component Analysis}{chapter.2}% 6
\BOOKMARK [1][-]{section.2.2}{2.2 MDS: Multidimensional Scaling}{chapter.2}% 7
\BOOKMARK [2][-]{subsection.2.2.1}{2.2.1 Stress metric}{section.2.2}% 8
\BOOKMARK [1][-]{section.2.3}{2.3 TSNE: T-Stochastic Neighbour Embedding}{chapter.2}% 9
\BOOKMARK [2][-]{subsection.2.3.1}{2.3.1 SNE}{section.2.3}% 10
\BOOKMARK [2][-]{subsection.2.3.2}{2.3.2 T-SNE}{section.2.3}% 11
\BOOKMARK [0][-]{chapter.3}{3 Framework}{}% 12
\BOOKMARK [1][-]{section.3.1}{3.1 Supervised algorithm}{chapter.3}% 13
\BOOKMARK [2][-]{subsection.3.1.1}{3.1.1 Neuralnet construction.}{section.3.1}% 14
\BOOKMARK [2][-]{subsection.3.1.2}{3.1.2 Fitting process.}{section.3.1}% 15
\BOOKMARK [2][-]{subsection.3.1.3}{3.1.3 Dimensionality reduced data obtaining.}{section.3.1}% 16
\BOOKMARK [1][-]{section.3.2}{3.2 Cross Validation}{chapter.3}% 17
\BOOKMARK [1][-]{section.3.3}{3.3 Metrics}{chapter.3}% 18
\BOOKMARK [0][-]{chapter.4}{4 Applications}{}% 19
\BOOKMARK [0][-]{chapter.5}{5 Metrics}{}% 20
\BOOKMARK [0][-]{chapter.6}{6 Conclusion}{}% 21
\BOOKMARK [0][-]{chapter.7}{7 EXTRA APPENDIX}{}% 22
\BOOKMARK [0][-]{chapter*.8}{Bibliography}{}% 23
\BOOKMARK [0][-]{chapter*.9}{Code}{}% 24
